<?xml version="1.0" encoding="utf-8"?>
<TestRun id="2835b71d-6f53-44ce-ad1b-1fbad0f790ed" name="runneradmin@fv-az8-874 2022-01-20 19:01:31" runUser="fv-az8-874\runneradmin" xmlns="http://microsoft.com/schemas/VisualStudio/TeamTest/2010">
  <Times creation="2022-01-20T19:01:31.9085617+00:00" queuing="2022-01-20T19:01:31.9085620+00:00" start="2022-01-20T19:01:22.0260158+00:00" finish="2022-01-20T19:01:36.7891116+00:00" />
  <TestSettings name="default" id="eceb8e7f-07c8-42a3-8380-b9a6b2c242e8">
    <Deployment runDeploymentRoot="runneradmin_fv-az8-874_2022-01-20_19_01_31" />
  </TestSettings>
  <Results>
    <UnitTestResult executionId="55d15b3c-b05d-46dd-b665-b0e01236bdca" testId="c6d15831-7dbe-24e6-d39b-4f317a873a34" testName="IntegrationTests.Controllers.ItemControllerTests.GetItemsPage_GetsProperPages(amount: 1, expectedPages: 1)" computerName="fv-az8-874" duration="00:00:00.0150000" startTime="2022-01-20T19:01:36.2845386+00:00" endTime="2022-01-20T19:01:36.2845386+00:00" testType="13cdc9d9-ddb5-4fa4-a97d-d965ccfc6d4b" outcome="Passed" testListId="8c84fa94-04c1-424b-9868-57a2d4851a1d" relativeResultsDirectory="55d15b3c-b05d-46dd-b665-b0e01236bdca" />
    <UnitTestResult executionId="3d92ae3a-3e63-4c1a-a1a0-1594d009b684" testId="fe1c9811-4463-ef95-5296-cdd71ab090b8" testName="IntegrationTests.Controllers.ItemControllerTests.DeleteItem_DeletesMissingItem" computerName="fv-az8-874" duration="00:00:00.0120000" startTime="2022-01-20T19:01:36.5980878+00:00" endTime="2022-01-20T19:01:36.5980878+00:00" testType="13cdc9d9-ddb5-4fa4-a97d-d965ccfc6d4b" outcome="Passed" testListId="8c84fa94-04c1-424b-9868-57a2d4851a1d" relativeResultsDirectory="3d92ae3a-3e63-4c1a-a1a0-1594d009b684" />
    <UnitTestResult executionId="98779177-27ef-4350-8021-0bcae9dc257d" testId="eb8cb345-7707-0e07-1566-f6a04ceb2670" testName="IntegrationTests.Controllers.ItemControllerTests.CanEdit_Defaults_To_False" computerName="fv-az8-874" duration="00:00:00.0050000" startTime="2022-01-20T19:01:36.2685374+00:00" endTime="2022-01-20T19:01:36.2685374+00:00" testType="13cdc9d9-ddb5-4fa4-a97d-d965ccfc6d4b" outcome="Passed" testListId="8c84fa94-04c1-424b-9868-57a2d4851a1d" relativeResultsDirectory="98779177-27ef-4350-8021-0bcae9dc257d" />
    <UnitTestResult executionId="c84f2233-dbfb-4179-8ed0-32bec9796d8e" testId="9609bc3b-2435-1be2-e2f3-2c6b217c770c" testName="IntegrationTests.Controllers.ItemControllerTests.GetItemsPage_Query_Filters(query: &quot;Missing&quot;, expectedResults: 0)" computerName="fv-az8-874" duration="00:00:00.0480000" startTime="2022-01-20T19:01:36.0865283+00:00" endTime="2022-01-20T19:01:36.0865283+00:00" testType="13cdc9d9-ddb5-4fa4-a97d-d965ccfc6d4b" outcome="Passed" testListId="8c84fa94-04c1-424b-9868-57a2d4851a1d" relativeResultsDirectory="c84f2233-dbfb-4179-8ed0-32bec9796d8e" />
    <UnitTestResult executionId="34e23cbe-ca89-4274-9ccc-99a5c6712d27" testId="31a1a77c-5b35-2c19-9bdc-0ee23e06e8f3" testName="IntegrationTests.Controllers.ItemControllerTests.GetItemsPage_GetsProperPages(amount: 10, expectedPages: 1)" computerName="fv-az8-874" duration="00:00:00.0140000" startTime="2022-01-20T19:01:36.3355407+00:00" endTime="2022-01-20T19:01:36.3355407+00:00" testType="13cdc9d9-ddb5-4fa4-a97d-d965ccfc6d4b" outcome="Passed" testListId="8c84fa94-04c1-424b-9868-57a2d4851a1d" relativeResultsDirectory="34e23cbe-ca89-4274-9ccc-99a5c6712d27" />
    <UnitTestResult executionId="97e20dea-e198-4d92-9586-e77e95eea35f" testId="b5a2bbb3-e25b-0d71-cef7-0187c592a682" testName="IntegrationTests.Controllers.ItemControllerTests.GetItemsPage_Query_Filters(query: &quot;Name 100&quot;, expectedResults: 1)" computerName="fv-az8-874" duration="00:00:00.0380000" startTime="2022-01-20T19:01:36.1255289+00:00" endTime="2022-01-20T19:01:36.1255289+00:00" testType="13cdc9d9-ddb5-4fa4-a97d-d965ccfc6d4b" outcome="Passed" testListId="8c84fa94-04c1-424b-9868-57a2d4851a1d" relativeResultsDirectory="97e20dea-e198-4d92-9586-e77e95eea35f" />
    <UnitTestResult executionId="0ecedd49-7f77-4e8a-85d2-eeabe869f1d5" testId="d18898e3-6995-0d27-8e53-1ced81186e2d" testName="IntegrationTests.Controllers.ItemControllerTests.GetItemsPage_PageSize0_DefaultsTo1" computerName="fv-az8-874" duration="00:00:00.0130000" startTime="2022-01-20T19:01:36.5680863+00:00" endTime="2022-01-20T19:01:36.5680863+00:00" testType="13cdc9d9-ddb5-4fa4-a97d-d965ccfc6d4b" outcome="Passed" testListId="8c84fa94-04c1-424b-9868-57a2d4851a1d" relativeResultsDirectory="0ecedd49-7f77-4e8a-85d2-eeabe869f1d5" />
    <UnitTestResult executionId="a7786d76-3a41-43a7-80f5-d27c9ed837c9" testId="b2691cfb-5962-80d6-34ac-12efb31ff88e" testName="IntegrationTests.Controllers.ItemControllerTests.DeleteItem_Deletes" computerName="fv-az8-874" duration="00:00:00.0740000" startTime="2022-01-20T19:01:36.5550838+00:00" endTime="2022-01-20T19:01:36.5550838+00:00" testType="13cdc9d9-ddb5-4fa4-a97d-d965ccfc6d4b" outcome="Passed" testListId="8c84fa94-04c1-424b-9868-57a2d4851a1d" relativeResultsDirectory="a7786d76-3a41-43a7-80f5-d27c9ed837c9" />
    <UnitTestResult executionId="fcdc2f6b-429d-426a-9120-ad36657a1823" testId="06f0962d-466b-0634-113e-f3863f9b599c" testName="IntegrationTests.Controllers.ItemControllerTests.GetItemsPage_GetsProperPages(amount: 99, expectedPages: 10)" computerName="fv-az8-874" duration="00:00:00.0360000" startTime="2022-01-20T19:01:36.3215404+00:00" endTime="2022-01-20T19:01:36.3215404+00:00" testType="13cdc9d9-ddb5-4fa4-a97d-d965ccfc6d4b" outcome="Passed" testListId="8c84fa94-04c1-424b-9868-57a2d4851a1d" relativeResultsDirectory="fcdc2f6b-429d-426a-9120-ad36657a1823" />
    <UnitTestResult executionId="69f50c31-14fc-4a03-b8df-dcc53c69a36d" testId="64ce4809-e3f8-8d8e-c808-2938f18aa4d4" testName="IntegrationTests.Controllers.ItemControllerTests.GetItemsPage_Query_Filters(query: &quot;Name 2&quot;, expectedResults: 11)" computerName="fv-az8-874" duration="00:00:00.0440000" startTime="2022-01-20T19:01:36.1685349+00:00" endTime="2022-01-20T19:01:36.1685349+00:00" testType="13cdc9d9-ddb5-4fa4-a97d-d965ccfc6d4b" outcome="Passed" testListId="8c84fa94-04c1-424b-9868-57a2d4851a1d" relativeResultsDirectory="69f50c31-14fc-4a03-b8df-dcc53c69a36d" />
    <UnitTestResult executionId="23cb9709-75cc-4d36-b34a-683c139733ea" testId="43169439-e722-3696-654b-e380ed8f351d" testName="IntegrationTests.Controllers.ItemControllerTests.EditItem_Saves" computerName="fv-az8-874" duration="00:00:00.0700000" startTime="2022-01-20T19:01:36.4675448+00:00" endTime="2022-01-20T19:01:36.4675448+00:00" testType="13cdc9d9-ddb5-4fa4-a97d-d965ccfc6d4b" outcome="Passed" testListId="8c84fa94-04c1-424b-9868-57a2d4851a1d" relativeResultsDirectory="23cb9709-75cc-4d36-b34a-683c139733ea" />
    <UnitTestResult executionId="a4b02cf5-42ad-42aa-8b59-a76bec939622" testId="4fd078d7-61ec-6e3f-be79-cf322012a0cd" testName="IntegrationTests.Controllers.ItemControllerTests.GetItemsPage_SortsAscending" computerName="fv-az8-874" duration="00:00:05.5160000" startTime="2022-01-20T19:01:35.8165214+00:00" endTime="2022-01-20T19:01:35.8165214+00:00" testType="13cdc9d9-ddb5-4fa4-a97d-d965ccfc6d4b" outcome="Passed" testListId="8c84fa94-04c1-424b-9868-57a2d4851a1d" relativeResultsDirectory="a4b02cf5-42ad-42aa-8b59-a76bec939622" />
    <UnitTestResult executionId="a622d9a1-dcfa-4c4c-9fc9-c3bdf72f71f6" testId="1ec97a71-0b29-f7c5-72ce-8cf48efa2e36" testName="IntegrationTests.Controllers.ItemControllerTests.CreateItem_Creates(name: &quot;name2&quot;, description: &quot;description2&quot;)" computerName="fv-az8-874" duration="00:00:00.0110000" startTime="2022-01-20T19:01:36.2215379+00:00" endTime="2022-01-20T19:01:36.2215379+00:00" testType="13cdc9d9-ddb5-4fa4-a97d-d965ccfc6d4b" outcome="Passed" testListId="8c84fa94-04c1-424b-9868-57a2d4851a1d" relativeResultsDirectory="a622d9a1-dcfa-4c4c-9fc9-c3bdf72f71f6" />
    <UnitTestResult executionId="cf1638c4-92ee-41b0-8037-ffe3f4234cbe" testId="0a429b0b-08a8-36a6-5969-3c31a35cc366" testName="IntegrationTests.Controllers.ItemControllerTests.GetItemsPage_GetsProperPages(amount: 9, expectedPages: 1)" computerName="fv-az8-874" duration="00:00:00.0350000" startTime="2022-01-20T19:01:36.3705399+00:00" endTime="2022-01-20T19:01:36.3705399+00:00" testType="13cdc9d9-ddb5-4fa4-a97d-d965ccfc6d4b" outcome="Passed" testListId="8c84fa94-04c1-424b-9868-57a2d4851a1d" relativeResultsDirectory="cf1638c4-92ee-41b0-8037-ffe3f4234cbe" />
    <UnitTestResult executionId="490524d0-ddd8-4c92-ab4b-3eae38c65c9c" testId="75b07048-5201-d631-649a-c012e65b7444" testName="IntegrationTests.Controllers.ItemControllerTests.GetItemsPage_Query_Filters(query: &quot;Name 10&quot;, expectedResults: 2)" computerName="fv-az8-874" duration="00:00:00.0420000" startTime="2022-01-20T19:01:36.2115352+00:00" endTime="2022-01-20T19:01:36.2115352+00:00" testType="13cdc9d9-ddb5-4fa4-a97d-d965ccfc6d4b" outcome="Passed" testListId="8c84fa94-04c1-424b-9868-57a2d4851a1d" relativeResultsDirectory="490524d0-ddd8-4c92-ab4b-3eae38c65c9c" />
    <UnitTestResult executionId="d95ec587-9bcd-4b89-9b7b-81b4911d92cb" testId="35a21cfd-ad2b-b819-14e0-5151fe414a07" testName="IntegrationTests.Controllers.ItemControllerTests.GetItemsPage_GetsProperPages(amount: 101, expectedPages: 11)" computerName="fv-az8-874" duration="00:00:00.0270000" startTime="2022-01-20T19:01:36.3975427+00:00" endTime="2022-01-20T19:01:36.3975427+00:00" testType="13cdc9d9-ddb5-4fa4-a97d-d965ccfc6d4b" outcome="Passed" testListId="8c84fa94-04c1-424b-9868-57a2d4851a1d" relativeResultsDirectory="d95ec587-9bcd-4b89-9b7b-81b4911d92cb" />
    <UnitTestResult executionId="575d3d45-4140-437d-ac43-0fab6830b424" testId="74f30272-fd7f-9b4e-507d-1c94cc60bb29" testName="IntegrationTests.Controllers.ItemControllerTests.GetItemsPage_Query_Filters(query: &quot;1&quot;, expectedResults: 20)" computerName="fv-az8-874" duration="00:00:00.1290000" startTime="2022-01-20T19:01:35.9935285+00:00" endTime="2022-01-20T19:01:35.9935285+00:00" testType="13cdc9d9-ddb5-4fa4-a97d-d965ccfc6d4b" outcome="Passed" testListId="8c84fa94-04c1-424b-9868-57a2d4851a1d" relativeResultsDirectory="575d3d45-4140-437d-ac43-0fab6830b424" />
    <UnitTestResult executionId="a6d9b49b-fe6d-40f9-875b-8f138986b04d" testId="3b96b54e-967c-6e8f-1ced-4ff4d8370be3" testName="IntegrationTests.Controllers.ItemControllerTests.GetItemsPage_Query_Filters(query: &quot;&quot;, expectedResults: 100)" computerName="fv-az8-874" duration="00:00:00.0470000" startTime="2022-01-20T19:01:35.8645239+00:00" endTime="2022-01-20T19:01:35.8645239+00:00" testType="13cdc9d9-ddb5-4fa4-a97d-d965ccfc6d4b" outcome="Passed" testListId="8c84fa94-04c1-424b-9868-57a2d4851a1d" relativeResultsDirectory="a6d9b49b-fe6d-40f9-875b-8f138986b04d" />
    <UnitTestResult executionId="3e7f6e3c-f0b2-4ded-b20e-67ec599e68f9" testId="2f8521ee-e0ca-eac4-b453-aa86236fc9b9" testName="IntegrationTests.Controllers.ItemControllerTests.GetItemsPage_SortsDescending" computerName="fv-az8-874" duration="00:00:00.0180000" startTime="2022-01-20T19:01:36.5860882+00:00" endTime="2022-01-20T19:01:36.5860882+00:00" testType="13cdc9d9-ddb5-4fa4-a97d-d965ccfc6d4b" outcome="Passed" testListId="8c84fa94-04c1-424b-9868-57a2d4851a1d" relativeResultsDirectory="3e7f6e3c-f0b2-4ded-b20e-67ec599e68f9" />
    <UnitTestResult executionId="19d322b5-88bb-4f4f-aad0-1c987ab5e69d" testId="1450a0ab-3596-66d8-8d08-6506bbe1f61b" testName="IntegrationTests.Controllers.ItemControllerTests.GetItemsPage_50Items_GetsProperly" computerName="fv-az8-874" duration="00:00:00.0370000" startTime="2022-01-20T19:01:36.2645379+00:00" endTime="2022-01-20T19:01:36.2645379+00:00" testType="13cdc9d9-ddb5-4fa4-a97d-d965ccfc6d4b" outcome="Passed" testListId="8c84fa94-04c1-424b-9868-57a2d4851a1d" relativeResultsDirectory="19d322b5-88bb-4f4f-aad0-1c987ab5e69d" />
    <UnitTestResult executionId="86eac1ce-89dc-4192-8f99-4a801419639d" testId="6274cd22-d848-61dd-8233-d29a2f361a38" testName="IntegrationTests.Controllers.ItemControllerTests.GetItemsPage_Query_Filters(query: &quot;Name 1&quot;, expectedResults: 12)" computerName="fv-az8-874" duration="00:00:00.0460000" startTime="2022-01-20T19:01:36.0395292+00:00" endTime="2022-01-20T19:01:36.0395292+00:00" testType="13cdc9d9-ddb5-4fa4-a97d-d965ccfc6d4b" outcome="Passed" testListId="8c84fa94-04c1-424b-9868-57a2d4851a1d" relativeResultsDirectory="86eac1ce-89dc-4192-8f99-4a801419639d" />
    <UnitTestResult executionId="659d8c07-d692-4c8f-b400-84d96e6a7ef8" testId="945f4fce-c15e-e09c-9dbf-5879cde58a78" testName="IntegrationTests.Controllers.ItemControllerTests.GetItemsPage_Page0_DefaultsToPage1" computerName="fv-az8-874" duration="00:00:00.0130000" startTime="2022-01-20T19:01:36.4815460+00:00" endTime="2022-01-20T19:01:36.4815460+00:00" testType="13cdc9d9-ddb5-4fa4-a97d-d965ccfc6d4b" outcome="Passed" testListId="8c84fa94-04c1-424b-9868-57a2d4851a1d" relativeResultsDirectory="659d8c07-d692-4c8f-b400-84d96e6a7ef8" />
    <UnitTestResult executionId="a81a17a5-1a4e-4181-92d1-a0b57ff93393" testId="c6abb489-2666-fd84-85be-69873a4c76cc" testName="IntegrationTests.Controllers.ItemControllerTests.CreateItem_Creates(name: &quot;name1&quot;, description: &quot;description1&quot;)" computerName="fv-az8-874" duration="00:00:00.0060000" startTime="2022-01-20T19:01:36.2275364+00:00" endTime="2022-01-20T19:01:36.2275364+00:00" testType="13cdc9d9-ddb5-4fa4-a97d-d965ccfc6d4b" outcome="Passed" testListId="8c84fa94-04c1-424b-9868-57a2d4851a1d" relativeResultsDirectory="a81a17a5-1a4e-4181-92d1-a0b57ff93393" />
    <UnitTestResult executionId="47ee2a74-ca8c-470c-84cc-5419623d6e09" testId="69a7a014-6241-5f0a-e55d-960890e56595" testName="IntegrationTests.Controllers.ServiceRouteMapperTests.RegisterRoutes_RegistersAtLestOneRoute" computerName="fv-az8-874" duration="00:00:01.4710000" startTime="2022-01-20T19:01:31.8144792+00:00" endTime="2022-01-20T19:01:31.8144792+00:00" testType="13cdc9d9-ddb5-4fa4-a97d-d965ccfc6d4b" outcome="Passed" testListId="8c84fa94-04c1-424b-9868-57a2d4851a1d" relativeResultsDirectory="47ee2a74-ca8c-470c-84cc-5419623d6e09" />
  </Results>
  <TestDefinitions>
    <UnitTest name="IntegrationTests.Controllers.ItemControllerTests.GetItemsPage_Query_Filters(query: &quot;Name 10&quot;, expectedResults: 2)" storage="d:\a\dnn.ionictodo\dnn.ionictodo\integrationtests\bin\integrationtests.dll" id="75b07048-5201-d631-649a-c012e65b7444">
      <Execution id="490524d0-ddd8-4c92-ab4b-3eae38c65c9c" />
      <TestMethod codeBase="D:\a\DNN.IonicToDo\DNN.IonicToDo\IntegrationTests\bin\IntegrationTests.dll" adapterTypeName="executor://xunit/VsTestRunner2/net" className="IntegrationTests.Controllers.ItemControllerTests" name="GetItemsPage_Query_Filters" />
    </UnitTest>
    <UnitTest name="IntegrationTests.Controllers.ItemControllerTests.GetItemsPage_Query_Filters(query: &quot;1&quot;, expectedResults: 20)" storage="d:\a\dnn.ionictodo\dnn.ionictodo\integrationtests\bin\integrationtests.dll" id="74f30272-fd7f-9b4e-507d-1c94cc60bb29">
      <Execution id="575d3d45-4140-437d-ac43-0fab6830b424" />
      <TestMethod codeBase="D:\a\DNN.IonicToDo\DNN.IonicToDo\IntegrationTests\bin\IntegrationTests.dll" adapterTypeName="executor://xunit/VsTestRunner2/net" className="IntegrationTests.Controllers.ItemControllerTests" name="GetItemsPage_Query_Filters" />
    </UnitTest>
    <UnitTest name="IntegrationTests.Controllers.ItemControllerTests.GetItemsPage_GetsProperPages(amount: 99, expectedPages: 10)" storage="d:\a\dnn.ionictodo\dnn.ionictodo\integrationtests\bin\integrationtests.dll" id="06f0962d-466b-0634-113e-f3863f9b599c">
      <Execution id="fcdc2f6b-429d-426a-9120-ad36657a1823" />
      <TestMethod codeBase="D:\a\DNN.IonicToDo\DNN.IonicToDo\IntegrationTests\bin\IntegrationTests.dll" adapterTypeName="executor://xunit/VsTestRunner2/net" className="IntegrationTests.Controllers.ItemControllerTests" name="GetItemsPage_GetsProperPages" />
    </UnitTest>
    <UnitTest name="IntegrationTests.Controllers.ItemControllerTests.DeleteItem_DeletesMissingItem" storage="d:\a\dnn.ionictodo\dnn.ionictodo\integrationtests\bin\integrationtests.dll" id="fe1c9811-4463-ef95-5296-cdd71ab090b8">
      <Execution id="3d92ae3a-3e63-4c1a-a1a0-1594d009b684" />
      <TestMethod codeBase="D:\a\DNN.IonicToDo\DNN.IonicToDo\IntegrationTests\bin\IntegrationTests.dll" adapterTypeName="executor://xunit/VsTestRunner2/net" className="IntegrationTests.Controllers.ItemControllerTests" name="DeleteItem_DeletesMissingItem" />
    </UnitTest>
    <UnitTest name="IntegrationTests.Controllers.ItemControllerTests.EditItem_Saves" storage="d:\a\dnn.ionictodo\dnn.ionictodo\integrationtests\bin\integrationtests.dll" id="43169439-e722-3696-654b-e380ed8f351d">
      <Execution id="23cb9709-75cc-4d36-b34a-683c139733ea" />
      <TestMethod codeBase="D:\a\DNN.IonicToDo\DNN.IonicToDo\IntegrationTests\bin\IntegrationTests.dll" adapterTypeName="executor://xunit/VsTestRunner2/net" className="IntegrationTests.Controllers.ItemControllerTests" name="EditItem_Saves" />
    </UnitTest>
    <UnitTest name="IntegrationTests.Controllers.ItemControllerTests.CreateItem_Creates(name: &quot;name1&quot;, description: &quot;description1&quot;)" storage="d:\a\dnn.ionictodo\dnn.ionictodo\integrationtests\bin\integrationtests.dll" id="c6abb489-2666-fd84-85be-69873a4c76cc">
      <Execution id="a81a17a5-1a4e-4181-92d1-a0b57ff93393" />
      <TestMethod codeBase="D:\a\DNN.IonicToDo\DNN.IonicToDo\IntegrationTests\bin\IntegrationTests.dll" adapterTypeName="executor://xunit/VsTestRunner2/net" className="IntegrationTests.Controllers.ItemControllerTests" name="CreateItem_Creates" />
    </UnitTest>
    <UnitTest name="IntegrationTests.Controllers.ItemControllerTests.GetItemsPage_Query_Filters(query: &quot;&quot;, expectedResults: 100)" storage="d:\a\dnn.ionictodo\dnn.ionictodo\integrationtests\bin\integrationtests.dll" id="3b96b54e-967c-6e8f-1ced-4ff4d8370be3">
      <Execution id="a6d9b49b-fe6d-40f9-875b-8f138986b04d" />
      <TestMethod codeBase="D:\a\DNN.IonicToDo\DNN.IonicToDo\IntegrationTests\bin\IntegrationTests.dll" adapterTypeName="executor://xunit/VsTestRunner2/net" className="IntegrationTests.Controllers.ItemControllerTests" name="GetItemsPage_Query_Filters" />
    </UnitTest>
    <UnitTest name="IntegrationTests.Controllers.ItemControllerTests.GetItemsPage_SortsDescending" storage="d:\a\dnn.ionictodo\dnn.ionictodo\integrationtests\bin\integrationtests.dll" id="2f8521ee-e0ca-eac4-b453-aa86236fc9b9">
      <Execution id="3e7f6e3c-f0b2-4ded-b20e-67ec599e68f9" />
      <TestMethod codeBase="D:\a\DNN.IonicToDo\DNN.IonicToDo\IntegrationTests\bin\IntegrationTests.dll" adapterTypeName="executor://xunit/VsTestRunner2/net" className="IntegrationTests.Controllers.ItemControllerTests" name="GetItemsPage_SortsDescending" />
    </UnitTest>
    <UnitTest name="IntegrationTests.Controllers.ItemControllerTests.GetItemsPage_Page0_DefaultsToPage1" storage="d:\a\dnn.ionictodo\dnn.ionictodo\integrationtests\bin\integrationtests.dll" id="945f4fce-c15e-e09c-9dbf-5879cde58a78">
      <Execution id="659d8c07-d692-4c8f-b400-84d96e6a7ef8" />
      <TestMethod codeBase="D:\a\DNN.IonicToDo\DNN.IonicToDo\IntegrationTests\bin\IntegrationTests.dll" adapterTypeName="executor://xunit/VsTestRunner2/net" className="IntegrationTests.Controllers.ItemControllerTests" name="GetItemsPage_Page0_DefaultsToPage1" />
    </UnitTest>
    <UnitTest name="IntegrationTests.Controllers.ItemControllerTests.GetItemsPage_50Items_GetsProperly" storage="d:\a\dnn.ionictodo\dnn.ionictodo\integrationtests\bin\integrationtests.dll" id="1450a0ab-3596-66d8-8d08-6506bbe1f61b">
      <Execution id="19d322b5-88bb-4f4f-aad0-1c987ab5e69d" />
      <TestMethod codeBase="D:\a\DNN.IonicToDo\DNN.IonicToDo\IntegrationTests\bin\IntegrationTests.dll" adapterTypeName="executor://xunit/VsTestRunner2/net" className="IntegrationTests.Controllers.ItemControllerTests" name="GetItemsPage_50Items_GetsProperly" />
    </UnitTest>
    <UnitTest name="IntegrationTests.Controllers.ItemControllerTests.GetItemsPage_GetsProperPages(amount: 101, expectedPages: 11)" storage="d:\a\dnn.ionictodo\dnn.ionictodo\integrationtests\bin\integrationtests.dll" id="35a21cfd-ad2b-b819-14e0-5151fe414a07">
      <Execution id="d95ec587-9bcd-4b89-9b7b-81b4911d92cb" />
      <TestMethod codeBase="D:\a\DNN.IonicToDo\DNN.IonicToDo\IntegrationTests\bin\IntegrationTests.dll" adapterTypeName="executor://xunit/VsTestRunner2/net" className="IntegrationTests.Controllers.ItemControllerTests" name="GetItemsPage_GetsProperPages" />
    </UnitTest>
    <UnitTest name="IntegrationTests.Controllers.ItemControllerTests.GetItemsPage_GetsProperPages(amount: 1, expectedPages: 1)" storage="d:\a\dnn.ionictodo\dnn.ionictodo\integrationtests\bin\integrationtests.dll" id="c6d15831-7dbe-24e6-d39b-4f317a873a34">
      <Execution id="55d15b3c-b05d-46dd-b665-b0e01236bdca" />
      <TestMethod codeBase="D:\a\DNN.IonicToDo\DNN.IonicToDo\IntegrationTests\bin\IntegrationTests.dll" adapterTypeName="executor://xunit/VsTestRunner2/net" className="IntegrationTests.Controllers.ItemControllerTests" name="GetItemsPage_GetsProperPages" />
    </UnitTest>
    <UnitTest name="IntegrationTests.Controllers.ItemControllerTests.CreateItem_Creates(name: &quot;name2&quot;, description: &quot;description2&quot;)" storage="d:\a\dnn.ionictodo\dnn.ionictodo\integrationtests\bin\integrationtests.dll" id="1ec97a71-0b29-f7c5-72ce-8cf48efa2e36">
      <Execution id="a622d9a1-dcfa-4c4c-9fc9-c3bdf72f71f6" />
      <TestMethod codeBase="D:\a\DNN.IonicToDo\DNN.IonicToDo\IntegrationTests\bin\IntegrationTests.dll" adapterTypeName="executor://xunit/VsTestRunner2/net" className="IntegrationTests.Controllers.ItemControllerTests" name="CreateItem_Creates" />
    </UnitTest>
    <UnitTest name="IntegrationTests.Controllers.ItemControllerTests.GetItemsPage_SortsAscending" storage="d:\a\dnn.ionictodo\dnn.ionictodo\integrationtests\bin\integrationtests.dll" id="4fd078d7-61ec-6e3f-be79-cf322012a0cd">
      <Execution id="a4b02cf5-42ad-42aa-8b59-a76bec939622" />
      <TestMethod codeBase="D:\a\DNN.IonicToDo\DNN.IonicToDo\IntegrationTests\bin\IntegrationTests.dll" adapterTypeName="executor://xunit/VsTestRunner2/net" className="IntegrationTests.Controllers.ItemControllerTests" name="GetItemsPage_SortsAscending" />
    </UnitTest>
    <UnitTest name="IntegrationTests.Controllers.ItemControllerTests.GetItemsPage_PageSize0_DefaultsTo1" storage="d:\a\dnn.ionictodo\dnn.ionictodo\integrationtests\bin\integrationtests.dll" id="d18898e3-6995-0d27-8e53-1ced81186e2d">
      <Execution id="0ecedd49-7f77-4e8a-85d2-eeabe869f1d5" />
      <TestMethod codeBase="D:\a\DNN.IonicToDo\DNN.IonicToDo\IntegrationTests\bin\IntegrationTests.dll" adapterTypeName="executor://xunit/VsTestRunner2/net" className="IntegrationTests.Controllers.ItemControllerTests" name="GetItemsPage_PageSize0_DefaultsTo1" />
    </UnitTest>
    <UnitTest name="IntegrationTests.Controllers.ItemControllerTests.GetItemsPage_GetsProperPages(amount: 9, expectedPages: 1)" storage="d:\a\dnn.ionictodo\dnn.ionictodo\integrationtests\bin\integrationtests.dll" id="0a429b0b-08a8-36a6-5969-3c31a35cc366">
      <Execution id="cf1638c4-92ee-41b0-8037-ffe3f4234cbe" />
      <TestMethod codeBase="D:\a\DNN.IonicToDo\DNN.IonicToDo\IntegrationTests\bin\IntegrationTests.dll" adapterTypeName="executor://xunit/VsTestRunner2/net" className="IntegrationTests.Controllers.ItemControllerTests" name="GetItemsPage_GetsProperPages" />
    </UnitTest>
    <UnitTest name="IntegrationTests.Controllers.ItemControllerTests.GetItemsPage_GetsProperPages(amount: 10, expectedPages: 1)" storage="d:\a\dnn.ionictodo\dnn.ionictodo\integrationtests\bin\integrationtests.dll" id="31a1a77c-5b35-2c19-9bdc-0ee23e06e8f3">
      <Execution id="34e23cbe-ca89-4274-9ccc-99a5c6712d27" />
      <TestMethod codeBase="D:\a\DNN.IonicToDo\DNN.IonicToDo\IntegrationTests\bin\IntegrationTests.dll" adapterTypeName="executor://xunit/VsTestRunner2/net" className="IntegrationTests.Controllers.ItemControllerTests" name="GetItemsPage_GetsProperPages" />
    </UnitTest>
    <UnitTest name="IntegrationTests.Controllers.ItemControllerTests.GetItemsPage_Query_Filters(query: &quot;Missing&quot;, expectedResults: 0)" storage="d:\a\dnn.ionictodo\dnn.ionictodo\integrationtests\bin\integrationtests.dll" id="9609bc3b-2435-1be2-e2f3-2c6b217c770c">
      <Execution id="c84f2233-dbfb-4179-8ed0-32bec9796d8e" />
      <TestMethod codeBase="D:\a\DNN.IonicToDo\DNN.IonicToDo\IntegrationTests\bin\IntegrationTests.dll" adapterTypeName="executor://xunit/VsTestRunner2/net" className="IntegrationTests.Controllers.ItemControllerTests" name="GetItemsPage_Query_Filters" />
    </UnitTest>
    <UnitTest name="IntegrationTests.Controllers.ItemControllerTests.DeleteItem_Deletes" storage="d:\a\dnn.ionictodo\dnn.ionictodo\integrationtests\bin\integrationtests.dll" id="b2691cfb-5962-80d6-34ac-12efb31ff88e">
      <Execution id="a7786d76-3a41-43a7-80f5-d27c9ed837c9" />
      <TestMethod codeBase="D:\a\DNN.IonicToDo\DNN.IonicToDo\IntegrationTests\bin\IntegrationTests.dll" adapterTypeName="executor://xunit/VsTestRunner2/net" className="IntegrationTests.Controllers.ItemControllerTests" name="DeleteItem_Deletes" />
    </UnitTest>
    <UnitTest name="IntegrationTests.Controllers.ItemControllerTests.GetItemsPage_Query_Filters(query: &quot;Name 2&quot;, expectedResults: 11)" storage="d:\a\dnn.ionictodo\dnn.ionictodo\integrationtests\bin\integrationtests.dll" id="64ce4809-e3f8-8d8e-c808-2938f18aa4d4">
      <Execution id="69f50c31-14fc-4a03-b8df-dcc53c69a36d" />
      <TestMethod codeBase="D:\a\DNN.IonicToDo\DNN.IonicToDo\IntegrationTests\bin\IntegrationTests.dll" adapterTypeName="executor://xunit/VsTestRunner2/net" className="IntegrationTests.Controllers.ItemControllerTests" name="GetItemsPage_Query_Filters" />
    </UnitTest>
    <UnitTest name="IntegrationTests.Controllers.ItemControllerTests.GetItemsPage_Query_Filters(query: &quot;Name 100&quot;, expectedResults: 1)" storage="d:\a\dnn.ionictodo\dnn.ionictodo\integrationtests\bin\integrationtests.dll" id="b5a2bbb3-e25b-0d71-cef7-0187c592a682">
      <Execution id="97e20dea-e198-4d92-9586-e77e95eea35f" />
      <TestMethod codeBase="D:\a\DNN.IonicToDo\DNN.IonicToDo\IntegrationTests\bin\IntegrationTests.dll" adapterTypeName="executor://xunit/VsTestRunner2/net" className="IntegrationTests.Controllers.ItemControllerTests" name="GetItemsPage_Query_Filters" />
    </UnitTest>
    <UnitTest name="IntegrationTests.Controllers.ServiceRouteMapperTests.RegisterRoutes_RegistersAtLestOneRoute" storage="d:\a\dnn.ionictodo\dnn.ionictodo\integrationtests\bin\integrationtests.dll" id="69a7a014-6241-5f0a-e55d-960890e56595">
      <Execution id="47ee2a74-ca8c-470c-84cc-5419623d6e09" />
      <TestMethod codeBase="D:\a\DNN.IonicToDo\DNN.IonicToDo\IntegrationTests\bin\IntegrationTests.dll" adapterTypeName="executor://xunit/VsTestRunner2/net" className="IntegrationTests.Controllers.ServiceRouteMapperTests" name="RegisterRoutes_RegistersAtLestOneRoute" />
    </UnitTest>
    <UnitTest name="IntegrationTests.Controllers.ItemControllerTests.GetItemsPage_Query_Filters(query: &quot;Name 1&quot;, expectedResults: 12)" storage="d:\a\dnn.ionictodo\dnn.ionictodo\integrationtests\bin\integrationtests.dll" id="6274cd22-d848-61dd-8233-d29a2f361a38">
      <Execution id="86eac1ce-89dc-4192-8f99-4a801419639d" />
      <TestMethod codeBase="D:\a\DNN.IonicToDo\DNN.IonicToDo\IntegrationTests\bin\IntegrationTests.dll" adapterTypeName="executor://xunit/VsTestRunner2/net" className="IntegrationTests.Controllers.ItemControllerTests" name="GetItemsPage_Query_Filters" />
    </UnitTest>
    <UnitTest name="IntegrationTests.Controllers.ItemControllerTests.CanEdit_Defaults_To_False" storage="d:\a\dnn.ionictodo\dnn.ionictodo\integrationtests\bin\integrationtests.dll" id="eb8cb345-7707-0e07-1566-f6a04ceb2670">
      <Execution id="98779177-27ef-4350-8021-0bcae9dc257d" />
      <TestMethod codeBase="D:\a\DNN.IonicToDo\DNN.IonicToDo\IntegrationTests\bin\IntegrationTests.dll" adapterTypeName="executor://xunit/VsTestRunner2/net" className="IntegrationTests.Controllers.ItemControllerTests" name="CanEdit_Defaults_To_False" />
    </UnitTest>
  </TestDefinitions>
  <TestEntries>
    <TestEntry testId="c6d15831-7dbe-24e6-d39b-4f317a873a34" executionId="55d15b3c-b05d-46dd-b665-b0e01236bdca" testListId="8c84fa94-04c1-424b-9868-57a2d4851a1d" />
    <TestEntry testId="fe1c9811-4463-ef95-5296-cdd71ab090b8" executionId="3d92ae3a-3e63-4c1a-a1a0-1594d009b684" testListId="8c84fa94-04c1-424b-9868-57a2d4851a1d" />
    <TestEntry testId="eb8cb345-7707-0e07-1566-f6a04ceb2670" executionId="98779177-27ef-4350-8021-0bcae9dc257d" testListId="8c84fa94-04c1-424b-9868-57a2d4851a1d" />
    <TestEntry testId="9609bc3b-2435-1be2-e2f3-2c6b217c770c" executionId="c84f2233-dbfb-4179-8ed0-32bec9796d8e" testListId="8c84fa94-04c1-424b-9868-57a2d4851a1d" />
    <TestEntry testId="31a1a77c-5b35-2c19-9bdc-0ee23e06e8f3" executionId="34e23cbe-ca89-4274-9ccc-99a5c6712d27" testListId="8c84fa94-04c1-424b-9868-57a2d4851a1d" />
    <TestEntry testId="b5a2bbb3-e25b-0d71-cef7-0187c592a682" executionId="97e20dea-e198-4d92-9586-e77e95eea35f" testListId="8c84fa94-04c1-424b-9868-57a2d4851a1d" />
    <TestEntry testId="d18898e3-6995-0d27-8e53-1ced81186e2d" executionId="0ecedd49-7f77-4e8a-85d2-eeabe869f1d5" testListId="8c84fa94-04c1-424b-9868-57a2d4851a1d" />
    <TestEntry testId="b2691cfb-5962-80d6-34ac-12efb31ff88e" executionId="a7786d76-3a41-43a7-80f5-d27c9ed837c9" testListId="8c84fa94-04c1-424b-9868-57a2d4851a1d" />
    <TestEntry testId="06f0962d-466b-0634-113e-f3863f9b599c" executionId="fcdc2f6b-429d-426a-9120-ad36657a1823" testListId="8c84fa94-04c1-424b-9868-57a2d4851a1d" />
    <TestEntry testId="64ce4809-e3f8-8d8e-c808-2938f18aa4d4" executionId="69f50c31-14fc-4a03-b8df-dcc53c69a36d" testListId="8c84fa94-04c1-424b-9868-57a2d4851a1d" />
    <TestEntry testId="43169439-e722-3696-654b-e380ed8f351d" executionId="23cb9709-75cc-4d36-b34a-683c139733ea" testListId="8c84fa94-04c1-424b-9868-57a2d4851a1d" />
    <TestEntry testId="4fd078d7-61ec-6e3f-be79-cf322012a0cd" executionId="a4b02cf5-42ad-42aa-8b59-a76bec939622" testListId="8c84fa94-04c1-424b-9868-57a2d4851a1d" />
    <TestEntry testId="1ec97a71-0b29-f7c5-72ce-8cf48efa2e36" executionId="a622d9a1-dcfa-4c4c-9fc9-c3bdf72f71f6" testListId="8c84fa94-04c1-424b-9868-57a2d4851a1d" />
    <TestEntry testId="0a429b0b-08a8-36a6-5969-3c31a35cc366" executionId="cf1638c4-92ee-41b0-8037-ffe3f4234cbe" testListId="8c84fa94-04c1-424b-9868-57a2d4851a1d" />
    <TestEntry testId="75b07048-5201-d631-649a-c012e65b7444" executionId="490524d0-ddd8-4c92-ab4b-3eae38c65c9c" testListId="8c84fa94-04c1-424b-9868-57a2d4851a1d" />
    <TestEntry testId="35a21cfd-ad2b-b819-14e0-5151fe414a07" executionId="d95ec587-9bcd-4b89-9b7b-81b4911d92cb" testListId="8c84fa94-04c1-424b-9868-57a2d4851a1d" />
    <TestEntry testId="74f30272-fd7f-9b4e-507d-1c94cc60bb29" executionId="575d3d45-4140-437d-ac43-0fab6830b424" testListId="8c84fa94-04c1-424b-9868-57a2d4851a1d" />
    <TestEntry testId="3b96b54e-967c-6e8f-1ced-4ff4d8370be3" executionId="a6d9b49b-fe6d-40f9-875b-8f138986b04d" testListId="8c84fa94-04c1-424b-9868-57a2d4851a1d" />
    <TestEntry testId="2f8521ee-e0ca-eac4-b453-aa86236fc9b9" executionId="3e7f6e3c-f0b2-4ded-b20e-67ec599e68f9" testListId="8c84fa94-04c1-424b-9868-57a2d4851a1d" />
    <TestEntry testId="1450a0ab-3596-66d8-8d08-6506bbe1f61b" executionId="19d322b5-88bb-4f4f-aad0-1c987ab5e69d" testListId="8c84fa94-04c1-424b-9868-57a2d4851a1d" />
    <TestEntry testId="6274cd22-d848-61dd-8233-d29a2f361a38" executionId="86eac1ce-89dc-4192-8f99-4a801419639d" testListId="8c84fa94-04c1-424b-9868-57a2d4851a1d" />
    <TestEntry testId="945f4fce-c15e-e09c-9dbf-5879cde58a78" executionId="659d8c07-d692-4c8f-b400-84d96e6a7ef8" testListId="8c84fa94-04c1-424b-9868-57a2d4851a1d" />
    <TestEntry testId="c6abb489-2666-fd84-85be-69873a4c76cc" executionId="a81a17a5-1a4e-4181-92d1-a0b57ff93393" testListId="8c84fa94-04c1-424b-9868-57a2d4851a1d" />
    <TestEntry testId="69a7a014-6241-5f0a-e55d-960890e56595" executionId="47ee2a74-ca8c-470c-84cc-5419623d6e09" testListId="8c84fa94-04c1-424b-9868-57a2d4851a1d" />
  </TestEntries>
  <TestLists>
    <TestList name="Results Not in a List" id="8c84fa94-04c1-424b-9868-57a2d4851a1d" />
    <TestList name="All Loaded Results" id="19431567-8539-422a-85d7-44ee4e166bda" />
  </TestLists>
  <ResultSummary outcome="Completed">
    <Counters total="24" executed="24" passed="24" failed="0" error="0" timeout="0" aborted="0" inconclusive="0" passedButRunAborted="0" notRunnable="0" notExecuted="0" disconnected="0" warning="0" completed="0" inProgress="0" pending="0" />
    <Output>
      <StdOut>[xUnit.net 00:00:00.04] xUnit.net VSTest Adapter v2.4.3+1b45f5407b (32-bit Desktop .NET 4.0.30319.42000)&#xD;
[xUnit.net 00:00:01.10]   Discovering: IntegrationTests&#xD;
[xUnit.net 00:00:01.47]   Discovered:  IntegrationTests&#xD;
[xUnit.net 00:00:01.47]   Starting:    IntegrationTests&#xD;
[xUnit.net 00:00:07.98]   Finished:    IntegrationTests&#xD;
</StdOut>
    </Output>
  </ResultSummary>
</TestRun>